# JRE version: Java(TM) SE Runtime Environment (8.0_20-b23) (build 1.8.0_20-ea-b23)
# Java VM: Java HotSpot(TM) Client VM (25.20-b22 mixed mode, sharing windows-x86 )
Heap:
 def new generation   total 6016K, used 4343K [0x04200000, 0x04880000, 0x09750000)
  eden space 5376K,  68% used [0x04200000, 0x0459de18, 0x04740000)
  from space 640K,  99% used [0x04740000, 0x047dfff8, 0x047e0000)
  to   space 640K,   0% used [0x047e0000, 0x047e0000, 0x04880000)
 tenured generation   total 13256K, used 12502K [0x09750000, 0x0a442000, 0x14200000)
   the space 13256K,  94% used [0x09750000, 0x0a385a58, 0x0a385c00, 0x0a442000)
 Metaspace       used 12857K, capacity 13017K, committed 13056K, reserved 13696K
GC Heap History (10 events):
Event: 9.475 GC heap before
{Heap before GC invocations=27 (full 0):
 def new generation   total 4928K, used 4897K [0x04200000, 0x04750000, 0x09750000)
  eden space 4416K, 100% used [0x04200000, 0x04650000, 0x04650000)
  from space 512K,  94% used [0x046d0000, 0x047485a8, 0x04750000)
  to   space 512K,   0% used [0x04650000, 0x04650000, 0x046d0000)
 tenured generation   total 10944K, used 10416K [0x09750000, 0x0a200000, 0x14200000)
   the space 10944K,  95% used [0x09750000, 0x0a17c260, 0x0a17c400, 0x0a200000)
 Metaspace       used 11096K, capacity 11228K, committed 11264K, reserved 11648K
Event: 9.480 GC heap after
Heap after GC invocations=28 (full 0):
 def new generation   total 4928K, used 419K [0x04200000, 0x04750000, 0x09750000)
  eden space 4416K,   0% used [0x04200000, 0x04200000, 0x04650000)
  from space 512K,  81% used [0x04650000, 0x046b8cd0, 0x046d0000)
  to   space 512K,   0% used [0x046d0000, 0x046d0000, 0x04750000)
 tenured generation   total 10944K, used 10551K [0x09750000, 0x0a200000, 0x14200000)
   the space 10944K,  96% used [0x09750000, 0x0a19de70, 0x0a19e000, 0x0a200000)
 Metaspace       used 11096K, capacity 11228K, committed 11264K, reserved 11648K
}
Event: 9.617 GC heap before
{Heap before GC invocations=28 (full 0):
 def new generation   total 4928K, used 4835K [0x04200000, 0x04750000, 0x09750000)
  eden space 4416K, 100% used [0x04200000, 0x04650000, 0x04650000)
  from space 512K,  81% used [0x04650000, 0x046b8cd0, 0x046d0000)
  to   space 512K,   0% used [0x046d0000, 0x046d0000, 0x04750000)
 tenured generation   total 10944K, used 10551K [0x09750000, 0x0a200000, 0x14200000)
   the space 10944K,  96% used [0x09750000, 0x0a19de70, 0x0a19e000, 0x0a200000)
 Metaspace       used 11223K, capacity 11356K, committed 11392K, reserved 11648K
Event: 9.625 GC heap after
Heap after GC invocations=29 (full 0):
 def new generation   total 4928K, used 371K [0x04200000, 0x04750000, 0x09750000)
  eden space 4416K,   0% used [0x04200000, 0x04200000, 0x04650000)
  from space 512K,  72% used [0x046d0000, 0x0472cd80, 0x04750000)
  to   space 512K,   0% used [0x04650000, 0x04650000, 0x046d0000)
 tenured generation   total 10944K, used 10668K [0x09750000, 0x0a200000, 0x14200000)
   the space 10944K,  97% used [0x09750000, 0x0a1bb1d8, 0x0a1bb200, 0x0a200000)
 Metaspace       used 11223K, capacity 11356K, committed 11392K, reserved 11648K
}
Event: 9.839 GC heap before
{Heap before GC invocations=29 (full 0):
 def new generation   total 4928K, used 4787K [0x04200000, 0x04750000, 0x09750000)
  eden space 4416K, 100% used [0x04200000, 0x04650000, 0x04650000)
  from space 512K,  72% used [0x046d0000, 0x0472cd80, 0x04750000)
  to   space 512K,   0% used [0x04650000, 0x04650000, 0x046d0000)
 tenured generation   total 10944K, used 10668K [0x09750000, 0x0a200000, 0x14200000)
   the space 10944K,  97% used [0x09750000, 0x0a1bb1d8, 0x0a1bb200, 0x0a200000)
 Metaspace       used 11554K, capacity 11708K, committed 11776K, reserved 12672K
Event: 9.914 GC heap after
Heap after GC invocations=30 (full 1):
 def new generation   total 6016K, used 0K [0x04200000, 0x04880000, 0x09750000)
  eden space 5376K,   0% used [0x04200000, 0x04200000, 0x04740000)
  from space 640K,   0% used [0x04740000, 0x04740000, 0x047e0000)
  to   space 640K,   0% used [0x047e0000, 0x047e0000, 0x04880000)
 tenured generation   total 13256K, used 7951K [0x09750000, 0x0a442000, 0x14200000)
   the space 13256K,  59% used [0x09750000, 0x09f13fd0, 0x09f14000, 0x0a442000)
 Metaspace       used 11553K, capacity 11705K, committed 11776K, reserved 12672K
}
Event: 10.253 GC heap before
{Heap before GC invocations=30 (full 1):
 def new generation   total 6016K, used 5376K [0x04200000, 0x04880000, 0x09750000)
  eden space 5376K, 100% used [0x04200000, 0x04740000, 0x04740000)
  from space 640K,   0% used [0x04740000, 0x04740000, 0x047e0000)
  to   space 640K,   0% used [0x047e0000, 0x047e0000, 0x04880000)
 tenured generation   total 13256K, used 7951K [0x09750000, 0x0a442000, 0x14200000)
   the space 13256K,  59% used [0x09750000, 0x09f13fd0, 0x09f14000, 0x0a442000)
 Metaspace       used 12168K, capacity 12313K, committed 12416K, reserved 12672K
Event: 10.264 GC heap after
Heap after GC invocations=31 (full 1):
 def new generation   total 6016K, used 640K [0x04200000, 0x04880000, 0x09750000)
  eden space 5376K,   0% used [0x04200000, 0x04200000, 0x04740000)
  from space 640K, 100% used [0x047e0000, 0x04880000, 0x04880000)
  to   space 640K,   0% used [0x04740000, 0x04740000, 0x047e0000)
 tenured generation   total 13256K, used 11253K [0x09750000, 0x0a442000, 0x14200000)
   the space 13256K,  84% used [0x09750000, 0x0a24d418, 0x0a24d600, 0x0a442000)
 Metaspace       used 12168K, capacity 12313K, committed 12416K, reserved 12672K
}
Event: 10.601 GC heap before
{Heap before GC invocations=31 (full 1):
 def new generation   total 6016K, used 6016K [0x04200000, 0x04880000, 0x09750000)
  eden space 5376K, 100% used [0x04200000, 0x04740000, 0x04740000)
  from space 640K, 100% used [0x047e0000, 0x04880000, 0x04880000)
  to   space 640K,   0% used [0x04740000, 0x04740000, 0x047e0000)
 tenured generation   total 13256K, used 11253K [0x09750000, 0x0a442000, 0x14200000)
   the space 13256K,  84% used [0x09750000, 0x0a24d418, 0x0a24d600, 0x0a442000)
 Metaspace       used 12760K, capacity 12921K, committed 13056K, reserved 13696K
Event: 10.616 GC heap after
Heap after GC invocations=32 (full 1):
 def new generation   total 6016K, used 639K [0x04200000, 0x04880000, 0x09750000)
  eden space 5376K,   0% used [0x04200000, 0x04200000, 0x04740000)
  from space 640K,  99% used [0x04740000, 0x047dfff8, 0x047e0000)
  to   space 640K,   0% used [0x047e0000, 0x047e0000, 0x04880000)
 tenured generation   total 13256K, used 12502K [0x09750000, 0x0a442000, 0x14200000)
   the space 13256K,  94% used [0x09750000, 0x0a385a58, 0x0a385c00, 0x0a442000)
 Metaspace       used 12760K, capacity 12921K, committed 13056K, reserved 13696K
}

